Arguments: 
  /home/corentin/.nvm/versions/node/v9.10.0/bin/node /usr/share/yarn/bin/yarn.js run dev

PATH: 
  /home/corentin/Applications/mongodb/bin:/home/corentin/.nvm/versions/node/v9.10.0/bin:/home/corentin/bin:/home/corentin/.local/bin:/usr/local/sbin:/usr/local/bin:/usr/sbin:/usr/bin:/sbin:/bin:/usr/games:/usr/local/games

Yarn version: 
  1.5.1

Node version: 
  9.10.0

Platform: 
  linux x64

npm manifest: 
  No manifest

yarn manifest: 
  No manifest

Lockfile: 
  No lockfile

Trace: 
  Error: Couldn't find a package.json file in "/home/corentin/Documents/dev/UrbanQuest"
      at new MessageError (/usr/share/yarn/lib/cli.js:186:110)
      at /usr/share/yarn/lib/cli.js:40048:15
      at Generator.next (<anonymous>)
      at step (/usr/share/yarn/lib/cli.js:98:30)
      at /usr/share/yarn/lib/cli.js:109:13
      at <anonymous>
